2018-09-05 17:17:27,797 com.qf.shopping.AppStart [main] (StartupInfoLogger.java:48) INFO  --> Starting AppStart on UMMMZHE4GX4KT68 with PID 8168 (D:\doc\CD-1802\codes\Shopping_sptingBoot_iBatis2\target\classes started by Administrator in D:\doc\CD-1802\codes\Shopping_sptingBoot_iBatis2)
2018-09-05 17:17:27,801 com.qf.shopping.AppStart [main] (SpringApplication.java:637) INFO  --> No active profile set, falling back to default profiles: default
2018-09-05 17:17:27,947 org.springframework.boot.context.embedded.AnnotationConfigEmbeddedWebApplicationContext [main] (AbstractApplicationContext.java:582) INFO  --> Refreshing org.springframework.boot.context.embedded.AnnotationConfigEmbeddedWebApplicationContext@612fc6eb: startup date [Wed Sep 05 17:17:27 CST 2018]; root of context hierarchy
2018-09-05 17:17:29,771 org.hibernate.validator.internal.util.Version [background-preinit] (Version.java:30) INFO  --> HV000001: Hibernate Validator 5.3.4.Final
2018-09-05 17:17:36,252 org.springframework.context.support.PostProcessorRegistrationDelegate$BeanPostProcessorChecker [main] (PostProcessorRegistrationDelegate.java:325) INFO  --> Bean 'org.springframework.transaction.annotation.ProxyTransactionManagementConfiguration' of type [org.springframework.transaction.annotation.ProxyTransactionManagementConfiguration$$EnhancerBySpringCGLIB$$df8ef4f4] is not eligible for getting processed by all BeanPostProcessors (for example: not eligible for auto-proxying)
2018-09-05 17:17:38,735 org.springframework.boot.context.embedded.tomcat.TomcatEmbeddedServletContainer [main] (TomcatEmbeddedServletContainer.java:89) INFO  --> Tomcat initialized with port(s): 8080 (http)
2018-09-05 17:17:42,287 org.springframework.web.context.ContextLoader [localhost-startStop-1] (EmbeddedWebApplicationContext.java:276) INFO  --> Root WebApplicationContext: initialization completed in 14355 ms
2018-09-05 17:17:42,977 org.springframework.boot.web.servlet.ServletRegistrationBean [localhost-startStop-1] (ServletRegistrationBean.java:190) INFO  --> Mapping servlet: 'dispatcherServlet' to [/]
2018-09-05 17:17:42,985 org.springframework.boot.web.servlet.FilterRegistrationBean [localhost-startStop-1] (AbstractFilterRegistrationBean.java:258) INFO  --> Mapping filter: 'characterEncodingFilter' to: [/*]
2018-09-05 17:17:42,986 org.springframework.boot.web.servlet.FilterRegistrationBean [localhost-startStop-1] (AbstractFilterRegistrationBean.java:258) INFO  --> Mapping filter: 'hiddenHttpMethodFilter' to: [/*]
2018-09-05 17:17:42,986 org.springframework.boot.web.servlet.FilterRegistrationBean [localhost-startStop-1] (AbstractFilterRegistrationBean.java:258) INFO  --> Mapping filter: 'httpPutFormContentFilter' to: [/*]
2018-09-05 17:17:42,987 org.springframework.boot.web.servlet.FilterRegistrationBean [localhost-startStop-1] (AbstractFilterRegistrationBean.java:258) INFO  --> Mapping filter: 'requestContextFilter' to: [/*]
2018-09-05 17:17:51,159 org.springframework.web.servlet.mvc.method.annotation.RequestMappingHandlerAdapter [main] (RequestMappingHandlerAdapter.java:534) INFO  --> Looking for @ControllerAdvice: org.springframework.boot.context.embedded.AnnotationConfigEmbeddedWebApplicationContext@612fc6eb: startup date [Wed Sep 05 17:17:27 CST 2018]; root of context hierarchy
2018-09-05 17:17:54,134 org.springframework.web.servlet.mvc.method.annotation.RequestMappingHandlerMapping [main] (AbstractHandlerMethodMapping.java:543) INFO  --> Mapped "{[/login],methods=[POST]}" onto public java.lang.String com.qf.shopping.controll.MainController.login(com.qf.shopping.pojo.User,javax.servlet.http.HttpServletRequest,java.lang.String,java.lang.String)
2018-09-05 17:17:54,136 org.springframework.web.servlet.mvc.method.annotation.RequestMappingHandlerMapping [main] (AbstractHandlerMethodMapping.java:543) INFO  --> Mapped "{[/login],methods=[GET]}" onto public java.lang.String com.qf.shopping.controll.MainController.login(java.lang.String,java.util.Map<java.lang.String, java.lang.Object>)
2018-09-05 17:17:54,137 org.springframework.web.servlet.mvc.method.annotation.RequestMappingHandlerMapping [main] (AbstractHandlerMethodMapping.java:543) INFO  --> Mapped "{[/logout]}" onto public java.lang.String com.qf.shopping.controll.MainController.logout(java.lang.String,javax.servlet.http.HttpServletRequest,org.springframework.web.bind.support.SessionStatus)
2018-09-05 17:17:54,141 org.springframework.web.servlet.mvc.method.annotation.RequestMappingHandlerMapping [main] (AbstractHandlerMethodMapping.java:543) INFO  --> Mapped "{[/list]}" onto public java.lang.Object com.qf.shopping.controll.UserControll.findAll()
2018-09-05 17:17:54,152 org.springframework.web.servlet.mvc.method.annotation.RequestMappingHandlerMapping [main] (AbstractHandlerMethodMapping.java:543) INFO  --> Mapped "{[/error]}" onto public org.springframework.http.ResponseEntity<java.util.Map<java.lang.String, java.lang.Object>> org.springframework.boot.autoconfigure.web.BasicErrorController.error(javax.servlet.http.HttpServletRequest)
2018-09-05 17:17:54,153 org.springframework.web.servlet.mvc.method.annotation.RequestMappingHandlerMapping [main] (AbstractHandlerMethodMapping.java:543) INFO  --> Mapped "{[/error],produces=[text/html]}" onto public org.springframework.web.servlet.ModelAndView org.springframework.boot.autoconfigure.web.BasicErrorController.errorHtml(javax.servlet.http.HttpServletRequest,javax.servlet.http.HttpServletResponse)
2018-09-05 17:17:56,987 org.springframework.web.servlet.handler.SimpleUrlHandlerMapping [main] (AbstractUrlHandlerMapping.java:362) INFO  --> Mapped URL path [/webjars/**] onto handler of type [class org.springframework.web.servlet.resource.ResourceHttpRequestHandler]
2018-09-05 17:17:56,988 org.springframework.web.servlet.handler.SimpleUrlHandlerMapping [main] (AbstractUrlHandlerMapping.java:362) INFO  --> Mapped URL path [/**] onto handler of type [class org.springframework.web.servlet.resource.ResourceHttpRequestHandler]
2018-09-05 17:17:57,065 org.springframework.web.servlet.handler.SimpleUrlHandlerMapping [main] (AbstractUrlHandlerMapping.java:362) INFO  --> Mapped URL path [/**/favicon.ico] onto handler of type [class org.springframework.web.servlet.resource.ResourceHttpRequestHandler]
2018-09-05 17:18:10,782 org.springframework.jmx.export.annotation.AnnotationMBeanExporter [main] (MBeanExporter.java:431) INFO  --> Registering beans for JMX exposure on startup
2018-09-05 17:18:11,038 org.springframework.boot.context.embedded.tomcat.TomcatEmbeddedServletContainer [main] (TomcatEmbeddedServletContainer.java:198) INFO  --> Tomcat started on port(s): 8080 (http)
2018-09-05 17:18:11,054 com.qf.shopping.AppStart [main] (StartupInfoLogger.java:57) INFO  --> Started AppStart in 44.885 seconds (JVM running for 45.802)
2018-09-05 17:18:17,349 org.springframework.web.servlet.DispatcherServlet [http-nio-8080-exec-1] (FrameworkServlet.java:489) INFO  --> FrameworkServlet 'dispatcherServlet': initialization started
2018-09-05 17:18:17,614 org.springframework.web.servlet.DispatcherServlet [http-nio-8080-exec-1] (FrameworkServlet.java:508) INFO  --> FrameworkServlet 'dispatcherServlet': initialization completed in 265 ms
2018-09-05 17:18:17,685 com.qf.shopping.controll.MainController [http-nio-8080-exec-1] (MainController.java:33) INFO  --> 哈哈哈
2018-09-05 17:20:41,126 org.hibernate.validator.internal.util.Version [background-preinit] (Version.java:30) INFO  --> HV000001: Hibernate Validator 5.3.4.Final
2018-09-05 17:20:41,888 com.qf.shopping.AppStart [main] (StartupInfoLogger.java:48) INFO  --> Starting AppStart on UMMMZHE4GX4KT68 with PID 6168 (D:\doc\CD-1802\codes\Shopping_sptingBoot_iBatis2\target\classes started by Administrator in D:\doc\CD-1802\codes\Shopping_sptingBoot_iBatis2)
2018-09-05 17:20:41,889 com.qf.shopping.AppStart [main] (SpringApplication.java:637) INFO  --> No active profile set, falling back to default profiles: default
2018-09-05 17:20:42,248 org.springframework.boot.context.embedded.AnnotationConfigEmbeddedWebApplicationContext [main] (AbstractApplicationContext.java:582) INFO  --> Refreshing org.springframework.boot.context.embedded.AnnotationConfigEmbeddedWebApplicationContext@612fc6eb: startup date [Wed Sep 05 17:20:42 CST 2018]; root of context hierarchy
2018-09-05 17:20:47,699 org.springframework.context.support.PostProcessorRegistrationDelegate$BeanPostProcessorChecker [main] (PostProcessorRegistrationDelegate.java:325) INFO  --> Bean 'org.springframework.transaction.annotation.ProxyTransactionManagementConfiguration' of type [org.springframework.transaction.annotation.ProxyTransactionManagementConfiguration$$EnhancerBySpringCGLIB$$eaed4454] is not eligible for getting processed by all BeanPostProcessors (for example: not eligible for auto-proxying)
2018-09-05 17:20:50,460 org.springframework.boot.context.embedded.tomcat.TomcatEmbeddedServletContainer [main] (TomcatEmbeddedServletContainer.java:89) INFO  --> Tomcat initialized with port(s): 8080 (http)
2018-09-05 17:20:51,991 org.springframework.web.context.ContextLoader [localhost-startStop-1] (EmbeddedWebApplicationContext.java:276) INFO  --> Root WebApplicationContext: initialization completed in 9757 ms
2018-09-05 17:20:52,708 org.springframework.boot.web.servlet.ServletRegistrationBean [localhost-startStop-1] (ServletRegistrationBean.java:190) INFO  --> Mapping servlet: 'dispatcherServlet' to [/]
2018-09-05 17:20:52,716 org.springframework.boot.web.servlet.FilterRegistrationBean [localhost-startStop-1] (AbstractFilterRegistrationBean.java:258) INFO  --> Mapping filter: 'characterEncodingFilter' to: [/*]
2018-09-05 17:20:52,717 org.springframework.boot.web.servlet.FilterRegistrationBean [localhost-startStop-1] (AbstractFilterRegistrationBean.java:258) INFO  --> Mapping filter: 'hiddenHttpMethodFilter' to: [/*]
2018-09-05 17:20:52,717 org.springframework.boot.web.servlet.FilterRegistrationBean [localhost-startStop-1] (AbstractFilterRegistrationBean.java:258) INFO  --> Mapping filter: 'httpPutFormContentFilter' to: [/*]
2018-09-05 17:20:52,718 org.springframework.boot.web.servlet.FilterRegistrationBean [localhost-startStop-1] (AbstractFilterRegistrationBean.java:258) INFO  --> Mapping filter: 'requestContextFilter' to: [/*]
2018-09-05 17:20:57,851 org.springframework.web.servlet.mvc.method.annotation.RequestMappingHandlerAdapter [main] (RequestMappingHandlerAdapter.java:534) INFO  --> Looking for @ControllerAdvice: org.springframework.boot.context.embedded.AnnotationConfigEmbeddedWebApplicationContext@612fc6eb: startup date [Wed Sep 05 17:20:42 CST 2018]; root of context hierarchy
2018-09-05 17:20:57,970 org.springframework.web.servlet.mvc.method.annotation.RequestMappingHandlerMapping [main] (AbstractHandlerMethodMapping.java:543) INFO  --> Mapped "{[/logout]}" onto public java.lang.String com.qf.shopping.controll.MainController.logout(java.lang.String,javax.servlet.http.HttpServletRequest,org.springframework.web.bind.support.SessionStatus)
2018-09-05 17:20:57,973 org.springframework.web.servlet.mvc.method.annotation.RequestMappingHandlerMapping [main] (AbstractHandlerMethodMapping.java:543) INFO  --> Mapped "{[/login],methods=[POST]}" onto public java.lang.String com.qf.shopping.controll.MainController.login(com.qf.shopping.dto.UserDto,javax.servlet.http.HttpServletRequest,java.lang.String,java.lang.String)
2018-09-05 17:20:57,975 org.springframework.web.servlet.mvc.method.annotation.RequestMappingHandlerMapping [main] (AbstractHandlerMethodMapping.java:543) INFO  --> Mapped "{[/login],methods=[GET]}" onto public java.lang.String com.qf.shopping.controll.MainController.login(java.lang.String,java.util.Map<java.lang.String, java.lang.Object>)
2018-09-05 17:20:57,978 org.springframework.web.servlet.mvc.method.annotation.RequestMappingHandlerMapping [main] (AbstractHandlerMethodMapping.java:543) INFO  --> Mapped "{[/list]}" onto public java.lang.Object com.qf.shopping.controll.UserControll.findAll()
2018-09-05 17:20:57,988 org.springframework.web.servlet.mvc.method.annotation.RequestMappingHandlerMapping [main] (AbstractHandlerMethodMapping.java:543) INFO  --> Mapped "{[/error]}" onto public org.springframework.http.ResponseEntity<java.util.Map<java.lang.String, java.lang.Object>> org.springframework.boot.autoconfigure.web.BasicErrorController.error(javax.servlet.http.HttpServletRequest)
2018-09-05 17:20:57,989 org.springframework.web.servlet.mvc.method.annotation.RequestMappingHandlerMapping [main] (AbstractHandlerMethodMapping.java:543) INFO  --> Mapped "{[/error],produces=[text/html]}" onto public org.springframework.web.servlet.ModelAndView org.springframework.boot.autoconfigure.web.BasicErrorController.errorHtml(javax.servlet.http.HttpServletRequest,javax.servlet.http.HttpServletResponse)
2018-09-05 17:20:58,065 org.springframework.web.servlet.handler.SimpleUrlHandlerMapping [main] (AbstractUrlHandlerMapping.java:362) INFO  --> Mapped URL path [/webjars/**] onto handler of type [class org.springframework.web.servlet.resource.ResourceHttpRequestHandler]
2018-09-05 17:20:58,066 org.springframework.web.servlet.handler.SimpleUrlHandlerMapping [main] (AbstractUrlHandlerMapping.java:362) INFO  --> Mapped URL path [/**] onto handler of type [class org.springframework.web.servlet.resource.ResourceHttpRequestHandler]
2018-09-05 17:20:58,133 org.springframework.web.servlet.handler.SimpleUrlHandlerMapping [main] (AbstractUrlHandlerMapping.java:362) INFO  --> Mapped URL path [/**/favicon.ico] onto handler of type [class org.springframework.web.servlet.resource.ResourceHttpRequestHandler]
2018-09-05 17:20:58,569 org.springframework.jmx.export.annotation.AnnotationMBeanExporter [main] (MBeanExporter.java:431) INFO  --> Registering beans for JMX exposure on startup
2018-09-05 17:20:58,910 org.springframework.boot.context.embedded.tomcat.TomcatEmbeddedServletContainer [main] (TomcatEmbeddedServletContainer.java:198) INFO  --> Tomcat started on port(s): 8080 (http)
2018-09-05 17:20:58,925 com.qf.shopping.AppStart [main] (StartupInfoLogger.java:57) INFO  --> Started AppStart in 19.912 seconds (JVM running for 20.838)
2018-09-05 17:21:04,552 org.springframework.web.servlet.DispatcherServlet [http-nio-8080-exec-1] (FrameworkServlet.java:489) INFO  --> FrameworkServlet 'dispatcherServlet': initialization started
2018-09-05 17:21:04,859 org.springframework.web.servlet.DispatcherServlet [http-nio-8080-exec-1] (FrameworkServlet.java:508) INFO  --> FrameworkServlet 'dispatcherServlet': initialization completed in 305 ms
2018-09-05 17:21:06,043 com.qf.shopping.controll.MainController [http-nio-8080-exec-1] (MainController.java:34) INFO  --> 哈哈哈
2018-09-05 18:00:30,888 com.qf.shopping.AppStart [main] (StartupInfoLogger.java:48) INFO  --> Starting AppStart on UMMMZHE4GX4KT68 with PID 2704 (D:\doc\CD-1802\codes\Shopping_sptingBoot_iBatis2\target\classes started by Administrator in D:\doc\CD-1802\codes\Shopping_sptingBoot_iBatis2)
2018-09-05 18:00:30,892 com.qf.shopping.AppStart [main] (SpringApplication.java:637) INFO  --> No active profile set, falling back to default profiles: default
2018-09-05 18:00:31,073 org.springframework.boot.context.embedded.AnnotationConfigEmbeddedWebApplicationContext [main] (AbstractApplicationContext.java:582) INFO  --> Refreshing org.springframework.boot.context.embedded.AnnotationConfigEmbeddedWebApplicationContext@612fc6eb: startup date [Wed Sep 05 18:00:31 CST 2018]; root of context hierarchy
2018-09-05 18:00:32,114 org.hibernate.validator.internal.util.Version [background-preinit] (Version.java:30) INFO  --> HV000001: Hibernate Validator 5.3.4.Final
2018-09-05 18:00:34,839 org.springframework.context.support.PostProcessorRegistrationDelegate$BeanPostProcessorChecker [main] (PostProcessorRegistrationDelegate.java:325) INFO  --> Bean 'org.springframework.transaction.annotation.ProxyTransactionManagementConfiguration' of type [org.springframework.transaction.annotation.ProxyTransactionManagementConfiguration$$EnhancerBySpringCGLIB$$413fac49] is not eligible for getting processed by all BeanPostProcessors (for example: not eligible for auto-proxying)
2018-09-05 18:00:35,675 org.springframework.boot.context.embedded.tomcat.TomcatEmbeddedServletContainer [main] (TomcatEmbeddedServletContainer.java:89) INFO  --> Tomcat initialized with port(s): 8080 (http)
2018-09-05 18:00:36,772 org.springframework.web.context.ContextLoader [localhost-startStop-1] (EmbeddedWebApplicationContext.java:276) INFO  --> Root WebApplicationContext: initialization completed in 5713 ms
2018-09-05 18:00:37,118 org.springframework.boot.web.servlet.ServletRegistrationBean [localhost-startStop-1] (ServletRegistrationBean.java:190) INFO  --> Mapping servlet: 'dispatcherServlet' to [/]
2018-09-05 18:00:37,129 org.springframework.boot.web.servlet.FilterRegistrationBean [localhost-startStop-1] (AbstractFilterRegistrationBean.java:258) INFO  --> Mapping filter: 'characterEncodingFilter' to: [/*]
2018-09-05 18:00:37,130 org.springframework.boot.web.servlet.FilterRegistrationBean [localhost-startStop-1] (AbstractFilterRegistrationBean.java:258) INFO  --> Mapping filter: 'hiddenHttpMethodFilter' to: [/*]
2018-09-05 18:00:37,130 org.springframework.boot.web.servlet.FilterRegistrationBean [localhost-startStop-1] (AbstractFilterRegistrationBean.java:258) INFO  --> Mapping filter: 'httpPutFormContentFilter' to: [/*]
2018-09-05 18:00:37,131 org.springframework.boot.web.servlet.FilterRegistrationBean [localhost-startStop-1] (AbstractFilterRegistrationBean.java:258) INFO  --> Mapping filter: 'requestContextFilter' to: [/*]
2018-09-05 18:00:39,566 org.springframework.web.servlet.mvc.method.annotation.RequestMappingHandlerAdapter [main] (RequestMappingHandlerAdapter.java:534) INFO  --> Looking for @ControllerAdvice: org.springframework.boot.context.embedded.AnnotationConfigEmbeddedWebApplicationContext@612fc6eb: startup date [Wed Sep 05 18:00:31 CST 2018]; root of context hierarchy
2018-09-05 18:00:39,717 org.springframework.web.servlet.mvc.method.annotation.RequestMappingHandlerMapping [main] (AbstractHandlerMethodMapping.java:543) INFO  --> Mapped "{[/login],methods=[POST]}" onto public java.lang.String com.qf.shopping.controll.MainController.login(com.qf.shopping.dto.UserDto,javax.servlet.http.HttpServletRequest,java.lang.String,java.lang.String)
2018-09-05 18:00:39,719 org.springframework.web.servlet.mvc.method.annotation.RequestMappingHandlerMapping [main] (AbstractHandlerMethodMapping.java:543) INFO  --> Mapped "{[/login],methods=[GET]}" onto public java.lang.String com.qf.shopping.controll.MainController.login(java.lang.String,java.util.Map<java.lang.String, java.lang.Object>)
2018-09-05 18:00:39,721 org.springframework.web.servlet.mvc.method.annotation.RequestMappingHandlerMapping [main] (AbstractHandlerMethodMapping.java:543) INFO  --> Mapped "{[/logout]}" onto public java.lang.String com.qf.shopping.controll.MainController.logout(java.lang.String,javax.servlet.http.HttpServletRequest,org.springframework.web.bind.support.SessionStatus)
2018-09-05 18:00:39,736 org.springframework.web.servlet.mvc.method.annotation.RequestMappingHandlerMapping [main] (AbstractHandlerMethodMapping.java:543) INFO  --> Mapped "{[/users/list]}" onto public void com.qf.shopping.controll.UserControll.findAll(org.springframework.ui.Model)
2018-09-05 18:00:39,748 org.springframework.web.servlet.mvc.method.annotation.RequestMappingHandlerMapping [main] (AbstractHandlerMethodMapping.java:543) INFO  --> Mapped "{[/error]}" onto public org.springframework.http.ResponseEntity<java.util.Map<java.lang.String, java.lang.Object>> org.springframework.boot.autoconfigure.web.BasicErrorController.error(javax.servlet.http.HttpServletRequest)
2018-09-05 18:00:39,749 org.springframework.web.servlet.mvc.method.annotation.RequestMappingHandlerMapping [main] (AbstractHandlerMethodMapping.java:543) INFO  --> Mapped "{[/error],produces=[text/html]}" onto public org.springframework.web.servlet.ModelAndView org.springframework.boot.autoconfigure.web.BasicErrorController.errorHtml(javax.servlet.http.HttpServletRequest,javax.servlet.http.HttpServletResponse)
2018-09-05 18:00:39,828 org.springframework.web.servlet.handler.SimpleUrlHandlerMapping [main] (AbstractUrlHandlerMapping.java:362) INFO  --> Mapped URL path [/webjars/**] onto handler of type [class org.springframework.web.servlet.resource.ResourceHttpRequestHandler]
2018-09-05 18:00:39,829 org.springframework.web.servlet.handler.SimpleUrlHandlerMapping [main] (AbstractUrlHandlerMapping.java:362) INFO  --> Mapped URL path [/**] onto handler of type [class org.springframework.web.servlet.resource.ResourceHttpRequestHandler]
2018-09-05 18:00:39,906 org.springframework.web.servlet.handler.SimpleUrlHandlerMapping [main] (AbstractUrlHandlerMapping.java:362) INFO  --> Mapped URL path [/**/favicon.ico] onto handler of type [class org.springframework.web.servlet.resource.ResourceHttpRequestHandler]
2018-09-05 18:00:40,393 org.springframework.jmx.export.annotation.AnnotationMBeanExporter [main] (MBeanExporter.java:431) INFO  --> Registering beans for JMX exposure on startup
2018-09-05 18:00:40,566 org.springframework.boot.context.embedded.tomcat.TomcatEmbeddedServletContainer [main] (TomcatEmbeddedServletContainer.java:198) INFO  --> Tomcat started on port(s): 8080 (http)
2018-09-05 18:00:40,577 com.qf.shopping.AppStart [main] (StartupInfoLogger.java:57) INFO  --> Started AppStart in 10.565 seconds (JVM running for 11.542)
2018-09-05 18:01:00,010 org.springframework.web.servlet.DispatcherServlet [http-nio-8080-exec-1] (FrameworkServlet.java:489) INFO  --> FrameworkServlet 'dispatcherServlet': initialization started
2018-09-05 18:01:00,059 org.springframework.web.servlet.DispatcherServlet [http-nio-8080-exec-1] (FrameworkServlet.java:508) INFO  --> FrameworkServlet 'dispatcherServlet': initialization completed in 48 ms
2018-09-05 18:01:00,131 com.qf.shopping.controll.MainController [http-nio-8080-exec-1] (MainController.java:34) INFO  --> 哈哈哈
2018-09-05 18:08:10,597 com.qf.shopping.AppStart [main] (StartupInfoLogger.java:48) INFO  --> Starting AppStart on UMMMZHE4GX4KT68 with PID 4016 (D:\doc\CD-1802\codes\Shopping_sptingBoot_iBatis2\target\classes started by Administrator in D:\doc\CD-1802\codes\Shopping_sptingBoot_iBatis2)
2018-09-05 18:08:10,601 com.qf.shopping.AppStart [main] (SpringApplication.java:637) INFO  --> No active profile set, falling back to default profiles: default
2018-09-05 18:08:10,833 org.springframework.boot.context.embedded.AnnotationConfigEmbeddedWebApplicationContext [main] (AbstractApplicationContext.java:582) INFO  --> Refreshing org.springframework.boot.context.embedded.AnnotationConfigEmbeddedWebApplicationContext@612fc6eb: startup date [Wed Sep 05 18:08:10 CST 2018]; root of context hierarchy
2018-09-05 18:08:11,900 org.hibernate.validator.internal.util.Version [background-preinit] (Version.java:30) INFO  --> HV000001: Hibernate Validator 5.3.4.Final
2018-09-05 18:08:14,432 org.springframework.context.support.PostProcessorRegistrationDelegate$BeanPostProcessorChecker [main] (PostProcessorRegistrationDelegate.java:325) INFO  --> Bean 'org.springframework.transaction.annotation.ProxyTransactionManagementConfiguration' of type [org.springframework.transaction.annotation.ProxyTransactionManagementConfiguration$$EnhancerBySpringCGLIB$$fba683a6] is not eligible for getting processed by all BeanPostProcessors (for example: not eligible for auto-proxying)
2018-09-05 18:08:15,802 org.springframework.boot.context.embedded.tomcat.TomcatEmbeddedServletContainer [main] (TomcatEmbeddedServletContainer.java:89) INFO  --> Tomcat initialized with port(s): 8080 (http)
2018-09-05 18:08:16,914 org.springframework.web.context.ContextLoader [localhost-startStop-1] (EmbeddedWebApplicationContext.java:276) INFO  --> Root WebApplicationContext: initialization completed in 6096 ms
2018-09-05 18:08:17,305 org.springframework.boot.web.servlet.ServletRegistrationBean [localhost-startStop-1] (ServletRegistrationBean.java:190) INFO  --> Mapping servlet: 'dispatcherServlet' to [/]
2018-09-05 18:08:17,317 org.springframework.boot.web.servlet.FilterRegistrationBean [localhost-startStop-1] (AbstractFilterRegistrationBean.java:258) INFO  --> Mapping filter: 'characterEncodingFilter' to: [/*]
2018-09-05 18:08:17,318 org.springframework.boot.web.servlet.FilterRegistrationBean [localhost-startStop-1] (AbstractFilterRegistrationBean.java:258) INFO  --> Mapping filter: 'hiddenHttpMethodFilter' to: [/*]
2018-09-05 18:08:17,319 org.springframework.boot.web.servlet.FilterRegistrationBean [localhost-startStop-1] (AbstractFilterRegistrationBean.java:258) INFO  --> Mapping filter: 'httpPutFormContentFilter' to: [/*]
2018-09-05 18:08:17,320 org.springframework.boot.web.servlet.FilterRegistrationBean [localhost-startStop-1] (AbstractFilterRegistrationBean.java:258) INFO  --> Mapping filter: 'requestContextFilter' to: [/*]
2018-09-05 18:08:19,436 org.springframework.web.servlet.mvc.method.annotation.RequestMappingHandlerAdapter [main] (RequestMappingHandlerAdapter.java:534) INFO  --> Looking for @ControllerAdvice: org.springframework.boot.context.embedded.AnnotationConfigEmbeddedWebApplicationContext@612fc6eb: startup date [Wed Sep 05 18:08:10 CST 2018]; root of context hierarchy
2018-09-05 18:08:19,576 org.springframework.web.servlet.mvc.method.annotation.RequestMappingHandlerMapping [main] (AbstractHandlerMethodMapping.java:543) INFO  --> Mapped "{[/login],methods=[POST]}" onto public java.lang.String com.qf.shopping.controll.MainController.login(com.qf.shopping.dto.UserDto,javax.servlet.http.HttpServletRequest,java.lang.String,java.lang.String)
2018-09-05 18:08:19,579 org.springframework.web.servlet.mvc.method.annotation.RequestMappingHandlerMapping [main] (AbstractHandlerMethodMapping.java:543) INFO  --> Mapped "{[/login],methods=[GET]}" onto public java.lang.String com.qf.shopping.controll.MainController.login(java.lang.String,java.util.Map<java.lang.String, java.lang.Object>)
2018-09-05 18:08:19,581 org.springframework.web.servlet.mvc.method.annotation.RequestMappingHandlerMapping [main] (AbstractHandlerMethodMapping.java:543) INFO  --> Mapped "{[/logout]}" onto public java.lang.String com.qf.shopping.controll.MainController.logout(java.lang.String,javax.servlet.http.HttpServletRequest,org.springframework.web.bind.support.SessionStatus)
2018-09-05 18:08:19,588 org.springframework.web.servlet.mvc.method.annotation.RequestMappingHandlerMapping [main] (AbstractHandlerMethodMapping.java:543) INFO  --> Mapped "{[/users/list]}" onto public java.lang.String com.qf.shopping.controll.UserControll.findAll(org.springframework.ui.Model)
2018-09-05 18:08:19,601 org.springframework.web.servlet.mvc.method.annotation.RequestMappingHandlerMapping [main] (AbstractHandlerMethodMapping.java:543) INFO  --> Mapped "{[/error]}" onto public org.springframework.http.ResponseEntity<java.util.Map<java.lang.String, java.lang.Object>> org.springframework.boot.autoconfigure.web.BasicErrorController.error(javax.servlet.http.HttpServletRequest)
2018-09-05 18:08:19,602 org.springframework.web.servlet.mvc.method.annotation.RequestMappingHandlerMapping [main] (AbstractHandlerMethodMapping.java:543) INFO  --> Mapped "{[/error],produces=[text/html]}" onto public org.springframework.web.servlet.ModelAndView org.springframework.boot.autoconfigure.web.BasicErrorController.errorHtml(javax.servlet.http.HttpServletRequest,javax.servlet.http.HttpServletResponse)
2018-09-05 18:08:19,701 org.springframework.web.servlet.handler.SimpleUrlHandlerMapping [main] (AbstractUrlHandlerMapping.java:362) INFO  --> Mapped URL path [/webjars/**] onto handler of type [class org.springframework.web.servlet.resource.ResourceHttpRequestHandler]
2018-09-05 18:08:19,702 org.springframework.web.servlet.handler.SimpleUrlHandlerMapping [main] (AbstractUrlHandlerMapping.java:362) INFO  --> Mapped URL path [/**] onto handler of type [class org.springframework.web.servlet.resource.ResourceHttpRequestHandler]
2018-09-05 18:08:19,770 org.springframework.web.servlet.handler.SimpleUrlHandlerMapping [main] (AbstractUrlHandlerMapping.java:362) INFO  --> Mapped URL path [/**/favicon.ico] onto handler of type [class org.springframework.web.servlet.resource.ResourceHttpRequestHandler]
2018-09-05 18:08:20,270 org.springframework.jmx.export.annotation.AnnotationMBeanExporter [main] (MBeanExporter.java:431) INFO  --> Registering beans for JMX exposure on startup
2018-09-05 18:08:20,401 org.springframework.boot.context.embedded.tomcat.TomcatEmbeddedServletContainer [main] (TomcatEmbeddedServletContainer.java:198) INFO  --> Tomcat started on port(s): 8080 (http)
2018-09-05 18:08:20,410 com.qf.shopping.AppStart [main] (StartupInfoLogger.java:57) INFO  --> Started AppStart in 10.538 seconds (JVM running for 11.365)
2018-09-05 18:08:40,982 org.springframework.web.servlet.DispatcherServlet [http-nio-8080-exec-1] (FrameworkServlet.java:489) INFO  --> FrameworkServlet 'dispatcherServlet': initialization started
2018-09-05 18:08:41,033 org.springframework.web.servlet.DispatcherServlet [http-nio-8080-exec-1] (FrameworkServlet.java:508) INFO  --> FrameworkServlet 'dispatcherServlet': initialization completed in 50 ms
2018-09-05 18:08:41,103 com.qf.shopping.controll.MainController [http-nio-8080-exec-1] (MainController.java:34) INFO  --> 哈哈哈
2018-09-05 18:14:37,346 com.qf.shopping.controll.MainController [http-nio-8080-exec-7] (MainController.java:34) INFO  --> 哈哈哈
2018-09-05 18:16:18,904 com.qf.shopping.AppStart [main] (StartupInfoLogger.java:48) INFO  --> Starting AppStart on UMMMZHE4GX4KT68 with PID 7616 (D:\doc\CD-1802\codes\Shopping_sptingBoot_iBatis2\target\classes started by Administrator in D:\doc\CD-1802\codes\Shopping_sptingBoot_iBatis2)
2018-09-05 18:16:18,908 com.qf.shopping.AppStart [main] (SpringApplication.java:637) INFO  --> No active profile set, falling back to default profiles: default
2018-09-05 18:16:19,064 org.springframework.boot.context.embedded.AnnotationConfigEmbeddedWebApplicationContext [main] (AbstractApplicationContext.java:582) INFO  --> Refreshing org.springframework.boot.context.embedded.AnnotationConfigEmbeddedWebApplicationContext@7c83dc97: startup date [Wed Sep 05 18:16:19 CST 2018]; root of context hierarchy
2018-09-05 18:16:21,359 org.hibernate.validator.internal.util.Version [background-preinit] (Version.java:30) INFO  --> HV000001: Hibernate Validator 5.3.4.Final
2018-09-05 18:16:22,918 org.springframework.context.support.PostProcessorRegistrationDelegate$BeanPostProcessorChecker [main] (PostProcessorRegistrationDelegate.java:325) INFO  --> Bean 'org.springframework.transaction.annotation.ProxyTransactionManagementConfiguration' of type [org.springframework.transaction.annotation.ProxyTransactionManagementConfiguration$$EnhancerBySpringCGLIB$$a11ba4e9] is not eligible for getting processed by all BeanPostProcessors (for example: not eligible for auto-proxying)
2018-09-05 18:16:24,327 org.springframework.boot.context.embedded.tomcat.TomcatEmbeddedServletContainer [main] (TomcatEmbeddedServletContainer.java:89) INFO  --> Tomcat initialized with port(s): 8080 (http)
2018-09-05 18:16:25,583 org.springframework.web.context.ContextLoader [localhost-startStop-1] (EmbeddedWebApplicationContext.java:276) INFO  --> Root WebApplicationContext: initialization completed in 6524 ms
2018-09-05 18:16:26,004 org.springframework.boot.web.servlet.ServletRegistrationBean [localhost-startStop-1] (ServletRegistrationBean.java:190) INFO  --> Mapping servlet: 'dispatcherServlet' to [/]
2018-09-05 18:16:26,015 org.springframework.boot.web.servlet.FilterRegistrationBean [localhost-startStop-1] (AbstractFilterRegistrationBean.java:258) INFO  --> Mapping filter: 'characterEncodingFilter' to: [/*]
2018-09-05 18:16:26,016 org.springframework.boot.web.servlet.FilterRegistrationBean [localhost-startStop-1] (AbstractFilterRegistrationBean.java:258) INFO  --> Mapping filter: 'hiddenHttpMethodFilter' to: [/*]
2018-09-05 18:16:26,017 org.springframework.boot.web.servlet.FilterRegistrationBean [localhost-startStop-1] (AbstractFilterRegistrationBean.java:258) INFO  --> Mapping filter: 'httpPutFormContentFilter' to: [/*]
2018-09-05 18:16:26,017 org.springframework.boot.web.servlet.FilterRegistrationBean [localhost-startStop-1] (AbstractFilterRegistrationBean.java:258) INFO  --> Mapping filter: 'requestContextFilter' to: [/*]
2018-09-05 18:16:29,021 org.springframework.web.servlet.mvc.method.annotation.RequestMappingHandlerAdapter [main] (RequestMappingHandlerAdapter.java:534) INFO  --> Looking for @ControllerAdvice: org.springframework.boot.context.embedded.AnnotationConfigEmbeddedWebApplicationContext@7c83dc97: startup date [Wed Sep 05 18:16:19 CST 2018]; root of context hierarchy
2018-09-05 18:16:29,191 org.springframework.web.servlet.mvc.method.annotation.RequestMappingHandlerMapping [main] (AbstractHandlerMethodMapping.java:543) INFO  --> Mapped "{[/login],methods=[POST]}" onto public java.lang.String com.qf.shopping.controll.MainController.login(com.qf.shopping.dto.UserDto,javax.servlet.http.HttpServletRequest,java.lang.String,java.lang.String)
2018-09-05 18:16:29,194 org.springframework.web.servlet.mvc.method.annotation.RequestMappingHandlerMapping [main] (AbstractHandlerMethodMapping.java:543) INFO  --> Mapped "{[/login],methods=[GET]}" onto public java.lang.String com.qf.shopping.controll.MainController.login(java.lang.String,java.util.Map<java.lang.String, java.lang.Object>)
2018-09-05 18:16:29,196 org.springframework.web.servlet.mvc.method.annotation.RequestMappingHandlerMapping [main] (AbstractHandlerMethodMapping.java:543) INFO  --> Mapped "{[/logout]}" onto public java.lang.String com.qf.shopping.controll.MainController.logout(java.lang.String,javax.servlet.http.HttpServletRequest,org.springframework.web.bind.support.SessionStatus)
2018-09-05 18:16:29,202 org.springframework.web.servlet.mvc.method.annotation.RequestMappingHandlerMapping [main] (AbstractHandlerMethodMapping.java:543) INFO  --> Mapped "{[/users/list]}" onto public java.lang.String com.qf.shopping.controll.UserControll.findAll(org.springframework.ui.Model)
2018-09-05 18:16:29,212 org.springframework.web.servlet.mvc.method.annotation.RequestMappingHandlerMapping [main] (AbstractHandlerMethodMapping.java:543) INFO  --> Mapped "{[/error]}" onto public org.springframework.http.ResponseEntity<java.util.Map<java.lang.String, java.lang.Object>> org.springframework.boot.autoconfigure.web.BasicErrorController.error(javax.servlet.http.HttpServletRequest)
2018-09-05 18:16:29,213 org.springframework.web.servlet.mvc.method.annotation.RequestMappingHandlerMapping [main] (AbstractHandlerMethodMapping.java:543) INFO  --> Mapped "{[/error],produces=[text/html]}" onto public org.springframework.web.servlet.ModelAndView org.springframework.boot.autoconfigure.web.BasicErrorController.errorHtml(javax.servlet.http.HttpServletRequest,javax.servlet.http.HttpServletResponse)
2018-09-05 18:16:29,317 org.springframework.web.servlet.handler.SimpleUrlHandlerMapping [main] (AbstractUrlHandlerMapping.java:362) INFO  --> Mapped URL path [/webjars/**] onto handler of type [class org.springframework.web.servlet.resource.ResourceHttpRequestHandler]
2018-09-05 18:16:29,318 org.springframework.web.servlet.handler.SimpleUrlHandlerMapping [main] (AbstractUrlHandlerMapping.java:362) INFO  --> Mapped URL path [/**] onto handler of type [class org.springframework.web.servlet.resource.ResourceHttpRequestHandler]
2018-09-05 18:16:29,424 org.springframework.web.servlet.handler.SimpleUrlHandlerMapping [main] (AbstractUrlHandlerMapping.java:362) INFO  --> Mapped URL path [/**/favicon.ico] onto handler of type [class org.springframework.web.servlet.resource.ResourceHttpRequestHandler]
2018-09-05 18:16:30,289 org.springframework.jmx.export.annotation.AnnotationMBeanExporter [main] (MBeanExporter.java:431) INFO  --> Registering beans for JMX exposure on startup
2018-09-05 18:16:30,575 org.springframework.boot.context.embedded.tomcat.TomcatEmbeddedServletContainer [main] (TomcatEmbeddedServletContainer.java:198) INFO  --> Tomcat started on port(s): 8080 (http)
2018-09-05 18:16:30,585 com.qf.shopping.AppStart [main] (StartupInfoLogger.java:57) INFO  --> Started AppStart in 12.417 seconds (JVM running for 13.58)
2018-09-05 18:17:16,185 org.springframework.web.servlet.DispatcherServlet [http-nio-8080-exec-1] (FrameworkServlet.java:489) INFO  --> FrameworkServlet 'dispatcherServlet': initialization started
2018-09-05 18:17:16,247 org.springframework.web.servlet.DispatcherServlet [http-nio-8080-exec-1] (FrameworkServlet.java:508) INFO  --> FrameworkServlet 'dispatcherServlet': initialization completed in 60 ms
2018-09-05 18:17:16,613 com.qf.shopping.controll.MainController [http-nio-8080-exec-1] (MainController.java:34) INFO  --> 哈哈哈
2018-09-05 18:22:41,786 com.qf.shopping.AppStart [main] (StartupInfoLogger.java:48) INFO  --> Starting AppStart on UMMMZHE4GX4KT68 with PID 2744 (D:\doc\CD-1802\codes\Shopping_sptingBoot_iBatis2\target\classes started by Administrator in D:\doc\CD-1802\codes\Shopping_sptingBoot_iBatis2)
2018-09-05 18:22:41,792 com.qf.shopping.AppStart [main] (SpringApplication.java:637) INFO  --> No active profile set, falling back to default profiles: default
2018-09-05 18:22:41,957 org.springframework.boot.context.embedded.AnnotationConfigEmbeddedWebApplicationContext [main] (AbstractApplicationContext.java:582) INFO  --> Refreshing org.springframework.boot.context.embedded.AnnotationConfigEmbeddedWebApplicationContext@7c83dc97: startup date [Wed Sep 05 18:22:41 CST 2018]; root of context hierarchy
2018-09-05 18:22:42,998 org.hibernate.validator.internal.util.Version [background-preinit] (Version.java:30) INFO  --> HV000001: Hibernate Validator 5.3.4.Final
2018-09-05 18:22:46,054 org.springframework.context.support.PostProcessorRegistrationDelegate$BeanPostProcessorChecker [main] (PostProcessorRegistrationDelegate.java:325) INFO  --> Bean 'org.springframework.transaction.annotation.ProxyTransactionManagementConfiguration' of type [org.springframework.transaction.annotation.ProxyTransactionManagementConfiguration$$EnhancerBySpringCGLIB$$1da0bc31] is not eligible for getting processed by all BeanPostProcessors (for example: not eligible for auto-proxying)
2018-09-05 18:22:47,429 org.springframework.boot.context.embedded.tomcat.TomcatEmbeddedServletContainer [main] (TomcatEmbeddedServletContainer.java:89) INFO  --> Tomcat initialized with port(s): 8080 (http)
2018-09-05 18:22:48,594 org.springframework.web.context.ContextLoader [localhost-startStop-1] (EmbeddedWebApplicationContext.java:276) INFO  --> Root WebApplicationContext: initialization completed in 6642 ms
2018-09-05 18:22:49,033 org.springframework.boot.web.servlet.ServletRegistrationBean [localhost-startStop-1] (ServletRegistrationBean.java:190) INFO  --> Mapping servlet: 'dispatcherServlet' to [/]
2018-09-05 18:22:49,043 org.springframework.boot.web.servlet.FilterRegistrationBean [localhost-startStop-1] (AbstractFilterRegistrationBean.java:258) INFO  --> Mapping filter: 'characterEncodingFilter' to: [/*]
2018-09-05 18:22:49,044 org.springframework.boot.web.servlet.FilterRegistrationBean [localhost-startStop-1] (AbstractFilterRegistrationBean.java:258) INFO  --> Mapping filter: 'hiddenHttpMethodFilter' to: [/*]
2018-09-05 18:22:49,045 org.springframework.boot.web.servlet.FilterRegistrationBean [localhost-startStop-1] (AbstractFilterRegistrationBean.java:258) INFO  --> Mapping filter: 'httpPutFormContentFilter' to: [/*]
2018-09-05 18:22:49,045 org.springframework.boot.web.servlet.FilterRegistrationBean [localhost-startStop-1] (AbstractFilterRegistrationBean.java:258) INFO  --> Mapping filter: 'requestContextFilter' to: [/*]
2018-09-05 18:22:51,845 org.springframework.web.servlet.mvc.method.annotation.RequestMappingHandlerAdapter [main] (RequestMappingHandlerAdapter.java:534) INFO  --> Looking for @ControllerAdvice: org.springframework.boot.context.embedded.AnnotationConfigEmbeddedWebApplicationContext@7c83dc97: startup date [Wed Sep 05 18:22:41 CST 2018]; root of context hierarchy
2018-09-05 18:22:52,057 org.springframework.web.servlet.mvc.method.annotation.RequestMappingHandlerMapping [main] (AbstractHandlerMethodMapping.java:543) INFO  --> Mapped "{[/logout]}" onto public java.lang.String com.qf.shopping.controll.MainController.logout(java.lang.String,javax.servlet.http.HttpServletRequest,org.springframework.web.bind.support.SessionStatus)
2018-09-05 18:22:52,060 org.springframework.web.servlet.mvc.method.annotation.RequestMappingHandlerMapping [main] (AbstractHandlerMethodMapping.java:543) INFO  --> Mapped "{[/login],methods=[POST]}" onto public java.lang.String com.qf.shopping.controll.MainController.login(com.qf.shopping.dto.UserDto,javax.servlet.http.HttpServletRequest,java.lang.String,java.lang.String)
2018-09-05 18:22:52,063 org.springframework.web.servlet.mvc.method.annotation.RequestMappingHandlerMapping [main] (AbstractHandlerMethodMapping.java:543) INFO  --> Mapped "{[/login],methods=[GET]}" onto public java.lang.String com.qf.shopping.controll.MainController.login(java.lang.String,java.util.Map<java.lang.String, java.lang.Object>)
2018-09-05 18:22:52,068 org.springframework.web.servlet.mvc.method.annotation.RequestMappingHandlerMapping [main] (AbstractHandlerMethodMapping.java:543) INFO  --> Mapped "{[/users/list]}" onto public java.lang.String com.qf.shopping.controll.UserControll.findAll(org.springframework.ui.Model)
2018-09-05 18:22:52,078 org.springframework.web.servlet.mvc.method.annotation.RequestMappingHandlerMapping [main] (AbstractHandlerMethodMapping.java:543) INFO  --> Mapped "{[/error]}" onto public org.springframework.http.ResponseEntity<java.util.Map<java.lang.String, java.lang.Object>> org.springframework.boot.autoconfigure.web.BasicErrorController.error(javax.servlet.http.HttpServletRequest)
2018-09-05 18:22:52,079 org.springframework.web.servlet.mvc.method.annotation.RequestMappingHandlerMapping [main] (AbstractHandlerMethodMapping.java:543) INFO  --> Mapped "{[/error],produces=[text/html]}" onto public org.springframework.web.servlet.ModelAndView org.springframework.boot.autoconfigure.web.BasicErrorController.errorHtml(javax.servlet.http.HttpServletRequest,javax.servlet.http.HttpServletResponse)
2018-09-05 18:22:52,157 org.springframework.web.servlet.handler.SimpleUrlHandlerMapping [main] (AbstractUrlHandlerMapping.java:362) INFO  --> Mapped URL path [/webjars/**] onto handler of type [class org.springframework.web.servlet.resource.ResourceHttpRequestHandler]
2018-09-05 18:22:52,158 org.springframework.web.servlet.handler.SimpleUrlHandlerMapping [main] (AbstractUrlHandlerMapping.java:362) INFO  --> Mapped URL path [/**] onto handler of type [class org.springframework.web.servlet.resource.ResourceHttpRequestHandler]
2018-09-05 18:22:52,243 org.springframework.web.servlet.handler.SimpleUrlHandlerMapping [main] (AbstractUrlHandlerMapping.java:362) INFO  --> Mapped URL path [/**/favicon.ico] onto handler of type [class org.springframework.web.servlet.resource.ResourceHttpRequestHandler]
2018-09-05 18:22:53,073 org.springframework.jmx.export.annotation.AnnotationMBeanExporter [main] (MBeanExporter.java:431) INFO  --> Registering beans for JMX exposure on startup
2018-09-05 18:22:53,270 org.springframework.boot.context.embedded.tomcat.TomcatEmbeddedServletContainer [main] (TomcatEmbeddedServletContainer.java:198) INFO  --> Tomcat started on port(s): 8080 (http)
2018-09-05 18:22:53,278 com.qf.shopping.AppStart [main] (StartupInfoLogger.java:57) INFO  --> Started AppStart in 12.191 seconds (JVM running for 13.146)
2018-09-05 18:23:00,862 org.springframework.web.servlet.DispatcherServlet [http-nio-8080-exec-1] (FrameworkServlet.java:489) INFO  --> FrameworkServlet 'dispatcherServlet': initialization started
2018-09-05 18:23:00,918 org.springframework.web.servlet.DispatcherServlet [http-nio-8080-exec-1] (FrameworkServlet.java:508) INFO  --> FrameworkServlet 'dispatcherServlet': initialization completed in 56 ms
2018-09-05 18:23:01,293 com.qf.shopping.controll.MainController [http-nio-8080-exec-1] (MainController.java:34) INFO  --> 哈哈哈
2018-09-05 18:24:40,957 com.qf.shopping.AppStart [main] (StartupInfoLogger.java:48) INFO  --> Starting AppStart on UMMMZHE4GX4KT68 with PID 7240 (D:\doc\CD-1802\codes\Shopping_sptingBoot_iBatis2\target\classes started by Administrator in D:\doc\CD-1802\codes\Shopping_sptingBoot_iBatis2)
2018-09-05 18:24:40,962 com.qf.shopping.AppStart [main] (SpringApplication.java:637) INFO  --> No active profile set, falling back to default profiles: default
2018-09-05 18:24:41,167 org.springframework.boot.context.embedded.AnnotationConfigEmbeddedWebApplicationContext [main] (AbstractApplicationContext.java:582) INFO  --> Refreshing org.springframework.boot.context.embedded.AnnotationConfigEmbeddedWebApplicationContext@7c83dc97: startup date [Wed Sep 05 18:24:41 CST 2018]; root of context hierarchy
2018-09-05 18:24:42,615 org.hibernate.validator.internal.util.Version [background-preinit] (Version.java:30) INFO  --> HV000001: Hibernate Validator 5.3.4.Final
2018-09-05 18:24:45,440 org.springframework.context.support.PostProcessorRegistrationDelegate$BeanPostProcessorChecker [main] (PostProcessorRegistrationDelegate.java:325) INFO  --> Bean 'org.springframework.transaction.annotation.ProxyTransactionManagementConfiguration' of type [org.springframework.transaction.annotation.ProxyTransactionManagementConfiguration$$EnhancerBySpringCGLIB$$1e92e98b] is not eligible for getting processed by all BeanPostProcessors (for example: not eligible for auto-proxying)
2018-09-05 18:24:46,657 org.springframework.boot.context.embedded.tomcat.TomcatEmbeddedServletContainer [main] (TomcatEmbeddedServletContainer.java:89) INFO  --> Tomcat initialized with port(s): 8080 (http)
2018-09-05 18:24:47,800 org.springframework.web.context.ContextLoader [localhost-startStop-1] (EmbeddedWebApplicationContext.java:276) INFO  --> Root WebApplicationContext: initialization completed in 6638 ms
2018-09-05 18:24:48,233 org.springframework.boot.web.servlet.ServletRegistrationBean [localhost-startStop-1] (ServletRegistrationBean.java:190) INFO  --> Mapping servlet: 'dispatcherServlet' to [/]
2018-09-05 18:24:48,242 org.springframework.boot.web.servlet.FilterRegistrationBean [localhost-startStop-1] (AbstractFilterRegistrationBean.java:258) INFO  --> Mapping filter: 'characterEncodingFilter' to: [/*]
2018-09-05 18:24:48,243 org.springframework.boot.web.servlet.FilterRegistrationBean [localhost-startStop-1] (AbstractFilterRegistrationBean.java:258) INFO  --> Mapping filter: 'hiddenHttpMethodFilter' to: [/*]
2018-09-05 18:24:48,243 org.springframework.boot.web.servlet.FilterRegistrationBean [localhost-startStop-1] (AbstractFilterRegistrationBean.java:258) INFO  --> Mapping filter: 'httpPutFormContentFilter' to: [/*]
2018-09-05 18:24:48,244 org.springframework.boot.web.servlet.FilterRegistrationBean [localhost-startStop-1] (AbstractFilterRegistrationBean.java:258) INFO  --> Mapping filter: 'requestContextFilter' to: [/*]
2018-09-05 18:24:50,947 org.springframework.web.servlet.mvc.method.annotation.RequestMappingHandlerAdapter [main] (RequestMappingHandlerAdapter.java:534) INFO  --> Looking for @ControllerAdvice: org.springframework.boot.context.embedded.AnnotationConfigEmbeddedWebApplicationContext@7c83dc97: startup date [Wed Sep 05 18:24:41 CST 2018]; root of context hierarchy
2018-09-05 18:24:51,116 org.springframework.web.servlet.mvc.method.annotation.RequestMappingHandlerMapping [main] (AbstractHandlerMethodMapping.java:543) INFO  --> Mapped "{[/logout]}" onto public java.lang.String com.qf.shopping.controll.MainController.logout(java.lang.String,javax.servlet.http.HttpServletRequest,org.springframework.web.bind.support.SessionStatus)
2018-09-05 18:24:51,119 org.springframework.web.servlet.mvc.method.annotation.RequestMappingHandlerMapping [main] (AbstractHandlerMethodMapping.java:543) INFO  --> Mapped "{[/login],methods=[POST]}" onto public java.lang.String com.qf.shopping.controll.MainController.login(com.qf.shopping.dto.UserDto,javax.servlet.http.HttpServletRequest,java.lang.String,java.lang.String)
2018-09-05 18:24:51,120 org.springframework.web.servlet.mvc.method.annotation.RequestMappingHandlerMapping [main] (AbstractHandlerMethodMapping.java:543) INFO  --> Mapped "{[/login],methods=[GET]}" onto public java.lang.String com.qf.shopping.controll.MainController.login(java.lang.String,java.util.Map<java.lang.String, java.lang.Object>)
2018-09-05 18:24:51,124 org.springframework.web.servlet.mvc.method.annotation.RequestMappingHandlerMapping [main] (AbstractHandlerMethodMapping.java:543) INFO  --> Mapped "{[/users/list]}" onto public java.lang.String com.qf.shopping.controll.UserControll.findAll(org.springframework.ui.Model)
2018-09-05 18:24:51,127 org.springframework.web.servlet.mvc.method.annotation.RequestMappingHandlerMapping [main] (AbstractHandlerMethodMapping.java:543) INFO  --> Mapped "{[/error]}" onto public org.springframework.http.ResponseEntity<java.util.Map<java.lang.String, java.lang.Object>> org.springframework.boot.autoconfigure.web.BasicErrorController.error(javax.servlet.http.HttpServletRequest)
2018-09-05 18:24:51,128 org.springframework.web.servlet.mvc.method.annotation.RequestMappingHandlerMapping [main] (AbstractHandlerMethodMapping.java:543) INFO  --> Mapped "{[/error],produces=[text/html]}" onto public org.springframework.web.servlet.ModelAndView org.springframework.boot.autoconfigure.web.BasicErrorController.errorHtml(javax.servlet.http.HttpServletRequest,javax.servlet.http.HttpServletResponse)
2018-09-05 18:24:51,205 org.springframework.web.servlet.handler.SimpleUrlHandlerMapping [main] (AbstractUrlHandlerMapping.java:362) INFO  --> Mapped URL path [/webjars/**] onto handler of type [class org.springframework.web.servlet.resource.ResourceHttpRequestHandler]
2018-09-05 18:24:51,205 org.springframework.web.servlet.handler.SimpleUrlHandlerMapping [main] (AbstractUrlHandlerMapping.java:362) INFO  --> Mapped URL path [/**] onto handler of type [class org.springframework.web.servlet.resource.ResourceHttpRequestHandler]
2018-09-05 18:24:51,296 org.springframework.web.servlet.handler.SimpleUrlHandlerMapping [main] (AbstractUrlHandlerMapping.java:362) INFO  --> Mapped URL path [/**/favicon.ico] onto handler of type [class org.springframework.web.servlet.resource.ResourceHttpRequestHandler]
2018-09-05 18:24:52,133 org.springframework.jmx.export.annotation.AnnotationMBeanExporter [main] (MBeanExporter.java:431) INFO  --> Registering beans for JMX exposure on startup
2018-09-05 18:24:52,319 org.springframework.boot.context.embedded.tomcat.TomcatEmbeddedServletContainer [main] (TomcatEmbeddedServletContainer.java:198) INFO  --> Tomcat started on port(s): 8080 (http)
2018-09-05 18:24:52,328 com.qf.shopping.AppStart [main] (StartupInfoLogger.java:57) INFO  --> Started AppStart in 12.05 seconds (JVM running for 13.07)
2018-09-05 18:24:55,988 org.springframework.web.servlet.DispatcherServlet [http-nio-8080-exec-1] (FrameworkServlet.java:489) INFO  --> FrameworkServlet 'dispatcherServlet': initialization started
2018-09-05 18:24:56,052 org.springframework.web.servlet.DispatcherServlet [http-nio-8080-exec-1] (FrameworkServlet.java:508) INFO  --> FrameworkServlet 'dispatcherServlet': initialization completed in 64 ms
2018-09-05 18:24:56,395 com.qf.shopping.controll.MainController [http-nio-8080-exec-1] (MainController.java:34) INFO  --> 哈哈哈
2018-09-05 21:18:31,573 com.qf.shopping.AppStart [main] (StartupInfoLogger.java:48) INFO  --> Starting AppStart on UMMMZHE4GX4KT68 with PID 5612 (D:\doc\CD-1802\codes\Shopping_sptingBoot_iBatis2\target\classes started by Administrator in D:\doc\CD-1802\codes\Shopping_sptingBoot_iBatis2)
2018-09-05 21:18:31,598 com.qf.shopping.AppStart [main] (SpringApplication.java:637) INFO  --> No active profile set, falling back to default profiles: default
2018-09-05 21:18:31,795 org.springframework.boot.context.embedded.AnnotationConfigEmbeddedWebApplicationContext [main] (AbstractApplicationContext.java:582) INFO  --> Refreshing org.springframework.boot.context.embedded.AnnotationConfigEmbeddedWebApplicationContext@612fc6eb: startup date [Wed Sep 05 21:18:31 CST 2018]; root of context hierarchy
2018-09-05 21:18:33,241 org.hibernate.validator.internal.util.Version [background-preinit] (Version.java:30) INFO  --> HV000001: Hibernate Validator 5.3.4.Final
2018-09-05 21:18:35,452 org.springframework.context.support.PostProcessorRegistrationDelegate$BeanPostProcessorChecker [main] (PostProcessorRegistrationDelegate.java:325) INFO  --> Bean 'org.springframework.transaction.annotation.ProxyTransactionManagementConfiguration' of type [org.springframework.transaction.annotation.ProxyTransactionManagementConfiguration$$EnhancerBySpringCGLIB$$496d68dd] is not eligible for getting processed by all BeanPostProcessors (for example: not eligible for auto-proxying)
2018-09-05 21:18:36,521 org.springframework.boot.context.embedded.tomcat.TomcatEmbeddedServletContainer [main] (TomcatEmbeddedServletContainer.java:89) INFO  --> Tomcat initialized with port(s): 8080 (http)
2018-09-05 21:18:39,050 org.springframework.web.context.ContextLoader [localhost-startStop-1] (EmbeddedWebApplicationContext.java:276) INFO  --> Root WebApplicationContext: initialization completed in 7344 ms
2018-09-05 21:18:39,430 org.springframework.boot.web.servlet.ServletRegistrationBean [localhost-startStop-1] (ServletRegistrationBean.java:190) INFO  --> Mapping servlet: 'dispatcherServlet' to [/]
2018-09-05 21:18:39,437 org.springframework.boot.web.servlet.FilterRegistrationBean [localhost-startStop-1] (AbstractFilterRegistrationBean.java:258) INFO  --> Mapping filter: 'characterEncodingFilter' to: [/*]
2018-09-05 21:18:39,438 org.springframework.boot.web.servlet.FilterRegistrationBean [localhost-startStop-1] (AbstractFilterRegistrationBean.java:258) INFO  --> Mapping filter: 'hiddenHttpMethodFilter' to: [/*]
2018-09-05 21:18:39,439 org.springframework.boot.web.servlet.FilterRegistrationBean [localhost-startStop-1] (AbstractFilterRegistrationBean.java:258) INFO  --> Mapping filter: 'httpPutFormContentFilter' to: [/*]
2018-09-05 21:18:39,439 org.springframework.boot.web.servlet.FilterRegistrationBean [localhost-startStop-1] (AbstractFilterRegistrationBean.java:258) INFO  --> Mapping filter: 'requestContextFilter' to: [/*]
2018-09-05 21:18:43,373 org.springframework.web.servlet.mvc.method.annotation.RequestMappingHandlerAdapter [main] (RequestMappingHandlerAdapter.java:534) INFO  --> Looking for @ControllerAdvice: org.springframework.boot.context.embedded.AnnotationConfigEmbeddedWebApplicationContext@612fc6eb: startup date [Wed Sep 05 21:18:31 CST 2018]; root of context hierarchy
2018-09-05 21:18:43,533 org.springframework.web.servlet.mvc.method.annotation.RequestMappingHandlerMapping [main] (AbstractHandlerMethodMapping.java:543) INFO  --> Mapped "{[/login],methods=[POST]}" onto public java.lang.String com.qf.shopping.controll.MainController.login(com.qf.shopping.dto.UserDto,javax.servlet.http.HttpServletRequest,java.lang.String,java.lang.String)
2018-09-05 21:18:43,536 org.springframework.web.servlet.mvc.method.annotation.RequestMappingHandlerMapping [main] (AbstractHandlerMethodMapping.java:543) INFO  --> Mapped "{[/login],methods=[GET]}" onto public java.lang.String com.qf.shopping.controll.MainController.login(java.lang.String,java.util.Map<java.lang.String, java.lang.Object>)
2018-09-05 21:18:43,538 org.springframework.web.servlet.mvc.method.annotation.RequestMappingHandlerMapping [main] (AbstractHandlerMethodMapping.java:543) INFO  --> Mapped "{[/logout]}" onto public java.lang.String com.qf.shopping.controll.MainController.logout(java.lang.String,javax.servlet.http.HttpServletRequest,org.springframework.web.bind.support.SessionStatus)
2018-09-05 21:18:43,543 org.springframework.web.servlet.mvc.method.annotation.RequestMappingHandlerMapping [main] (AbstractHandlerMethodMapping.java:543) INFO  --> Mapped "{[/users/list]}" onto public java.lang.String com.qf.shopping.controll.UserControll.findAll(org.springframework.ui.Model)
2018-09-05 21:18:43,554 org.springframework.web.servlet.mvc.method.annotation.RequestMappingHandlerMapping [main] (AbstractHandlerMethodMapping.java:543) INFO  --> Mapped "{[/error]}" onto public org.springframework.http.ResponseEntity<java.util.Map<java.lang.String, java.lang.Object>> org.springframework.boot.autoconfigure.web.BasicErrorController.error(javax.servlet.http.HttpServletRequest)
2018-09-05 21:18:43,555 org.springframework.web.servlet.mvc.method.annotation.RequestMappingHandlerMapping [main] (AbstractHandlerMethodMapping.java:543) INFO  --> Mapped "{[/error],produces=[text/html]}" onto public org.springframework.web.servlet.ModelAndView org.springframework.boot.autoconfigure.web.BasicErrorController.errorHtml(javax.servlet.http.HttpServletRequest,javax.servlet.http.HttpServletResponse)
2018-09-05 21:18:43,654 org.springframework.web.servlet.handler.SimpleUrlHandlerMapping [main] (AbstractUrlHandlerMapping.java:362) INFO  --> Mapped URL path [/webjars/**] onto handler of type [class org.springframework.web.servlet.resource.ResourceHttpRequestHandler]
2018-09-05 21:18:43,655 org.springframework.web.servlet.handler.SimpleUrlHandlerMapping [main] (AbstractUrlHandlerMapping.java:362) INFO  --> Mapped URL path [/**] onto handler of type [class org.springframework.web.servlet.resource.ResourceHttpRequestHandler]
2018-09-05 21:18:43,716 org.springframework.web.servlet.handler.SimpleUrlHandlerMapping [main] (AbstractUrlHandlerMapping.java:362) INFO  --> Mapped URL path [/**/favicon.ico] onto handler of type [class org.springframework.web.servlet.resource.ResourceHttpRequestHandler]
2018-09-05 21:18:44,451 org.springframework.jmx.export.annotation.AnnotationMBeanExporter [main] (MBeanExporter.java:431) INFO  --> Registering beans for JMX exposure on startup
2018-09-05 21:18:44,716 org.springframework.boot.context.embedded.tomcat.TomcatEmbeddedServletContainer [main] (TomcatEmbeddedServletContainer.java:198) INFO  --> Tomcat started on port(s): 8080 (http)
2018-09-05 21:18:44,722 com.qf.shopping.AppStart [main] (StartupInfoLogger.java:57) INFO  --> Started AppStart in 13.831 seconds (JVM running for 14.963)
2018-09-05 21:19:32,108 org.springframework.web.servlet.DispatcherServlet [http-nio-8080-exec-1] (FrameworkServlet.java:489) INFO  --> FrameworkServlet 'dispatcherServlet': initialization started
2018-09-05 21:19:32,162 org.springframework.web.servlet.DispatcherServlet [http-nio-8080-exec-1] (FrameworkServlet.java:508) INFO  --> FrameworkServlet 'dispatcherServlet': initialization completed in 53 ms
2018-09-05 21:19:32,365 com.qf.shopping.controll.MainController [http-nio-8080-exec-1] (MainController.java:34) INFO  --> 哈哈哈
2018-09-05 21:19:33,169 com.qf.shopping.controll.MainController [http-nio-8080-exec-2] (MainController.java:34) INFO  --> 哈哈哈
